<?xml version="1.0" encoding="UTF-8"?>
<testsuite name="com.techeerstudyA.book.springboot.web.dto.IndexControllerTest" tests="1" skipped="0" failures="0" errors="0" timestamp="2022-12-23T13:33:58" hostname="DESKTOP-6LK4CD7" time="0.328">
  <properties/>
  <testcase name="메인페이지_로딩" classname="com.techeerstudyA.book.springboot.web.dto.IndexControllerTest" time="0.328"/>
  <system-out><![CDATA[2022-12-23 22:33:53.964  INFO 13408 --- [    Test worker] .b.t.c.SpringBootTestContextBootstrapper : Neither @ContextConfiguration nor @ContextHierarchy found for test class [com.techeerstudyA.book.springboot.web.dto.IndexControllerTest], using SpringBootContextLoader
2022-12-23 22:33:53.964  INFO 13408 --- [    Test worker] o.s.t.c.support.AbstractContextLoader    : Could not detect default resource locations for test class [com.techeerstudyA.book.springboot.web.dto.IndexControllerTest]: no resource found for suffixes {-context.xml, Context.groovy}.
2022-12-23 22:33:53.964  INFO 13408 --- [    Test worker] t.c.s.AnnotationConfigContextLoaderUtils : Could not detect default configuration classes for test class [com.techeerstudyA.book.springboot.web.dto.IndexControllerTest]: IndexControllerTest does not declare any static, non-private, non-final, nested classes annotated with @Configuration.
2022-12-23 22:33:53.989  INFO 13408 --- [    Test worker] .b.t.c.SpringBootTestContextBootstrapper : Found @SpringBootConfiguration com.techeerstudyA.book.springboot.Application for test class com.techeerstudyA.book.springboot.web.dto.IndexControllerTest
2022-12-23 22:33:53.989  INFO 13408 --- [    Test worker] .b.t.c.SpringBootTestContextBootstrapper : Loaded default TestExecutionListener class names from location [META-INF/spring.factories]: [org.springframework.security.test.context.support.WithSecurityContextTestExecutionListener, org.springframework.security.test.context.support.ReactorContextTestExecutionListener, org.springframework.boot.test.autoconfigure.restdocs.RestDocsTestExecutionListener, org.springframework.boot.test.autoconfigure.web.client.MockRestServiceServerResetTestExecutionListener, org.springframework.boot.test.autoconfigure.web.servlet.MockMvcPrintOnlyOnFailureTestExecutionListener, org.springframework.boot.test.autoconfigure.web.servlet.WebDriverTestExecutionListener, org.springframework.boot.test.mock.mockito.MockitoTestExecutionListener, org.springframework.boot.test.mock.mockito.ResetMocksTestExecutionListener, org.springframework.test.context.web.ServletTestExecutionListener, org.springframework.test.context.support.DirtiesContextBeforeModesTestExecutionListener, org.springframework.test.context.support.DependencyInjectionTestExecutionListener, org.springframework.test.context.support.DirtiesContextTestExecutionListener, org.springframework.test.context.transaction.TransactionalTestExecutionListener, org.springframework.test.context.jdbc.SqlScriptsTestExecutionListener]
2022-12-23 22:33:53.989  INFO 13408 --- [    Test worker] .b.t.c.SpringBootTestContextBootstrapper : Using TestExecutionListeners: [org.springframework.test.context.web.ServletTestExecutionListener@390c7596, org.springframework.test.context.support.DirtiesContextBeforeModesTestExecutionListener@cb5ed8a, org.springframework.boot.test.mock.mockito.MockitoTestExecutionListener@6e768837, org.springframework.boot.test.autoconfigure.SpringBootDependencyInjectionTestExecutionListener@166ad5f9, org.springframework.test.context.support.DirtiesContextTestExecutionListener@4c10a267, org.springframework.test.context.transaction.TransactionalTestExecutionListener@6feacfd2, org.springframework.test.context.jdbc.SqlScriptsTestExecutionListener@3507c528, org.springframework.security.test.context.support.WithSecurityContextTestExecutionListener@75020b6c, org.springframework.security.test.context.support.ReactorContextTestExecutionListener@3cc89c31, org.springframework.boot.test.autoconfigure.restdocs.RestDocsTestExecutionListener@5654025, org.springframework.boot.test.autoconfigure.web.client.MockRestServiceServerResetTestExecutionListener@ec0fb24, org.springframework.boot.test.autoconfigure.web.servlet.MockMvcPrintOnlyOnFailureTestExecutionListener@6bfcc8fb, org.springframework.boot.test.autoconfigure.web.servlet.WebDriverTestExecutionListener@132df8a1, org.springframework.boot.test.mock.mockito.ResetMocksTestExecutionListener@3ce6e689]

  .   ____          _            __ _ _
 /\\ / ___'_ __ _ _(_)_ __  __ _ \ \ \ \
( ( )\___ | '_ | '_| | '_ \/ _` | \ \ \ \
 \\/  ___)| |_)| | | | | || (_| |  ) ) ) )
  '  |____| .__|_| |_|_| |_\__, | / / / /
 =========|_|==============|___/=/_/_/_/
 :: Spring Boot ::        (v2.1.7.RELEASE)

2022-12-23 22:33:54.050  INFO 13408 --- [    Test worker] c.t.b.s.web.dto.IndexControllerTest      : Starting IndexControllerTest on DESKTOP-6LK4CD7 with PID 13408 (started by Lenovo in C:\Major\Java_workspace\freelec-springboot2-webservice)
2022-12-23 22:33:54.050  INFO 13408 --- [    Test worker] c.t.b.s.web.dto.IndexControllerTest      : No active profile set, falling back to default profiles: default
2022-12-23 22:33:54.434  INFO 13408 --- [    Test worker] .s.d.r.c.RepositoryConfigurationDelegate : Bootstrapping Spring Data repositories in DEFAULT mode.
2022-12-23 22:33:54.479  INFO 13408 --- [    Test worker] .s.d.r.c.RepositoryConfigurationDelegate : Finished Spring Data repository scanning in 42ms. Found 2 repository interfaces.
2022-12-23 22:33:54.650  INFO 13408 --- [    Test worker] trationDelegate$BeanPostProcessorChecker : Bean 'org.springframework.transaction.annotation.ProxyTransactionManagementConfiguration' of type [org.springframework.transaction.annotation.ProxyTransactionManagementConfiguration$$EnhancerBySpringCGLIB$$e864a80a] is not eligible for getting processed by all BeanPostProcessors (for example: not eligible for auto-proxying)
2022-12-23 22:33:55.398  INFO 13408 --- [    Test worker] o.s.b.w.embedded.tomcat.TomcatWebServer  : Tomcat initialized with port(s): 0 (http)
2022-12-23 22:33:55.498  INFO 13408 --- [    Test worker] o.apache.catalina.core.StandardService   : Starting service [Tomcat]
2022-12-23 22:33:55.499  INFO 13408 --- [    Test worker] org.apache.catalina.core.StandardEngine  : Starting Servlet engine: [Apache Tomcat/9.0.22]
2022-12-23 22:33:56.077  INFO 13408 --- [    Test worker] o.a.c.c.C.[Tomcat].[localhost].[/]       : Initializing Spring embedded WebApplicationContext
2022-12-23 22:33:56.078  INFO 13408 --- [    Test worker] o.s.web.context.ContextLoader            : Root WebApplicationContext: initialization completed in 2028 ms
2022-12-23 22:33:56.383  INFO 13408 --- [    Test worker] com.zaxxer.hikari.HikariDataSource       : HikariPool-2 - Starting...
2022-12-23 22:33:56.384  INFO 13408 --- [    Test worker] com.zaxxer.hikari.HikariDataSource       : HikariPool-2 - Start completed.
2022-12-23 22:33:56.451  INFO 13408 --- [    Test worker] o.hibernate.jpa.internal.util.LogHelper  : HHH000204: Processing PersistenceUnitInfo [
	name: default
	...]
2022-12-23 22:33:56.470  INFO 13408 --- [    Test worker] org.hibernate.dialect.Dialect            : HHH000400: Using dialect: org.hibernate.dialect.MySQL5InnoDBDialect
Hibernate: drop table if exists posts
Hibernate: drop table if exists user
Hibernate: create table posts (id bigint not null auto_increment, created_date datetime, modified_date datetime, author varchar(255), content TEXT not null, title varchar(500) not null, primary key (id)) engine=InnoDB
Hibernate: create table user (id bigint not null auto_increment, created_date datetime, modified_date datetime, email varchar(255) not null, name varchar(255) not null, picture varchar(255), role varchar(255) not null, primary key (id)) engine=InnoDB
2022-12-23 22:33:56.567  INFO 13408 --- [    Test worker] o.h.t.schema.internal.SchemaCreatorImpl  : HHH000476: Executing import script 'org.hibernate.tool.schema.internal.exec.ScriptSourceInputNonExistentImpl@26f99bd5'
2022-12-23 22:33:56.567  INFO 13408 --- [    Test worker] j.LocalContainerEntityManagerFactoryBean : Initialized JPA EntityManagerFactory for persistence unit 'default'
2022-12-23 22:33:57.116  INFO 13408 --- [    Test worker] o.h.h.i.QueryTranslatorFactoryInitiator  : HHH000397: Using ASTQueryTranslatorFactory
2022-12-23 22:33:57.335  INFO 13408 --- [    Test worker] o.s.s.web.DefaultSecurityFilterChain     : Creating filter chain: any request, [org.springframework.security.web.context.request.async.WebAsyncManagerIntegrationFilter@667008c8, org.springframework.security.web.context.SecurityContextPersistenceFilter@40fe4e94, org.springframework.security.web.header.HeaderWriterFilter@77cb29e6, org.springframework.security.web.authentication.logout.LogoutFilter@10bfddf2, org.springframework.security.oauth2.client.web.OAuth2AuthorizationRequestRedirectFilter@720957d4, org.springframework.security.oauth2.client.web.OAuth2LoginAuthenticationFilter@474d1251, org.springframework.security.web.authentication.ui.DefaultLoginPageGeneratingFilter@2207bdc8, org.springframework.security.web.authentication.ui.DefaultLogoutPageGeneratingFilter@d36c3aa, org.springframework.security.web.savedrequest.RequestCacheAwareFilter@339f115e, org.springframework.security.web.servletapi.SecurityContextHolderAwareRequestFilter@1db58ad2, org.springframework.security.web.authentication.AnonymousAuthenticationFilter@3539922f, org.springframework.security.web.session.SessionManagementFilter@37010185, org.springframework.security.web.access.ExceptionTranslationFilter@253ad500, org.springframework.security.web.access.intercept.FilterSecurityInterceptor@117f4a56]
2022-12-23 22:33:57.562  INFO 13408 --- [    Test worker] o.s.s.concurrent.ThreadPoolTaskExecutor  : Initializing ExecutorService 'applicationTaskExecutor'
2022-12-23 22:33:57.577  WARN 13408 --- [    Test worker] aWebConfiguration$JpaWebMvcConfiguration : spring.jpa.open-in-view is enabled by default. Therefore, database queries may be performed during view rendering. Explicitly configure spring.jpa.open-in-view to disable this warning
2022-12-23 22:33:57.617  INFO 13408 --- [    Test worker] o.s.b.a.w.s.WelcomePageHandlerMapping    : Adding welcome page template: index
2022-12-23 22:33:58.055  INFO 13408 --- [    Test worker] s.a.ScheduledAnnotationBeanPostProcessor : No TaskScheduler/ScheduledExecutorService bean found for scheduled processing
2022-12-23 22:33:58.084  INFO 13408 --- [    Test worker] o.s.b.w.embedded.tomcat.TomcatWebServer  : Tomcat started on port(s): 60408 (http) with context path ''
2022-12-23 22:33:58.085  INFO 13408 --- [    Test worker] c.t.b.s.web.dto.IndexControllerTest      : Started IndexControllerTest in 4.09 seconds (JVM running for 28.478)
2022-12-23 22:33:58.257  INFO 13408 --- [o-auto-1-exec-1] o.a.c.c.C.[Tomcat].[localhost].[/]       : Initializing Spring DispatcherServlet 'dispatcherServlet'
2022-12-23 22:33:58.258  INFO 13408 --- [o-auto-1-exec-1] o.s.web.servlet.DispatcherServlet        : Initializing Servlet 'dispatcherServlet'
2022-12-23 22:33:58.289  INFO 13408 --- [o-auto-1-exec-1] o.s.web.servlet.DispatcherServlet        : Completed initialization in 31 ms
Hibernate: select posts0_.id as id1_0_, posts0_.created_date as created_2_0_, posts0_.modified_date as modified3_0_, posts0_.author as author4_0_, posts0_.content as content5_0_, posts0_.title as title6_0_ from posts posts0_ order by posts0_.id DESC
]]></system-out>
  <system-err><![CDATA[]]></system-err>
</testsuite>
